2017-07-15 21:30:38|868|CAsyncLoader IO Thread started2017-07-15 21:30:38|3292|Async Processing Thread Local(0) Started
2017-07-15 21:30:38|3416|Async Processing Thread Asset(1) Started
2017-07-15 21:30:38|10192|Async Processing Thread Asset(1) Started
2017-07-15 21:30:38|3304|Async Processing Thread Web(2) Started
2017-07-15 21:30:38|3240|Async Processing Thread BigFile(3) Started
2017-07-15 21:30:38|3296|Async Processing Thread AudioFile(4) Started
2017-07-15 21:30:39|10128|ParaFile.OpenAssetFile using local file:temp/snapshot/store.idx
2017-07-15 21:30:39|10128|ParaFile.OpenAssetFile using local file:temp/snapshot/store.data
2017-07-15 21:30:39|10128|ParaFile.OpenAssetFile using local file:temp/snapshot/store.sti
2017-07-15 21:30:39|10128|ParaFile.OpenAssetFile using local file:temp/snapshot/store.idx
2017-07-15 21:30:39|10128|ParaFile.OpenAssetFile using local file:temp/snapshot/store.data
2017-07-15 21:30:39|10128|ParaFile.OpenAssetFile using local file:temp/snapshot/store.sti
2017-07-15 21:30:39|10128|ParaFile.OpenAssetFile using local file:temp/logstore/config.properties
2017-07-15 21:30:39|10128|ParaFile.OpenAssetFile using local file:temp/logstore/server.state
2017-07-15 21:30:39|10128|ParaFile.OpenAssetFile using local file:temp/logstore/server.state
2017-07-15 21:30:39|10128|ParaFile.OpenAssetFile using local file:temp/logstore/server.state
2017-07-15 21:30:39|10128|ParaFile.OpenAssetFile using local file:temp/logstore/server.state
2017-07-15 21:30:39|10128|ParaFile.OpenAssetFile using local file:temp/logstore/server.state
2017-07-15 21:30:39|10128|ParaFile.OpenAssetFile using local file:temp/logstore/server.state
2017-07-15 21:30:39|10128|ParaFile.OpenAssetFile using local file:temp/logstore/server.state
2017-07-15 21:30:39|10128|ParaFile.OpenAssetFile using local file:temp/logstore/server.state
2017-07-15 21:30:39|10128|ParaFile.OpenAssetFile using local file:temp/logstore/server.state
2017-07-15 21:30:39|10128|ParaFile.OpenAssetFile using local file:temp/logstore/server.state
2017-07-15 21:30:39|10128|ParaFile.OpenAssetFile using local file:temp/logstore/server.state
2017-07-15 21:30:39|10128|ParaFile.OpenAssetFile using local file:temp/logstore/server.state
2017-07-15 21:30:39|10128|ParaFile.OpenAssetFile using local file:temp/logstore/server.state
2017-07-15 21:30:39|10128|ParaFile.OpenAssetFile using local file:temp/logstore/server.state
2017-07-15 21:30:39|10128|ParaFile.OpenAssetFile using local file:temp/logstore/server.state
2017-07-15 21:30:39|10128|ParaFile.OpenAssetFile using local file:temp/logstore/server.state
2017-07-15 21:30:39|10128|ParaFile.OpenAssetFile using local file:temp/logstore/server.state
2017-07-15 21:30:39|10128|ParaFile.OpenAssetFile using local file:temp/logstore/server.state
2017-07-15 21:30:39|10128|ParaFile.OpenAssetFile using local file:temp/logstore/server.state
2017-07-15 21:30:39|10128|ParaFile.OpenAssetFile using local file:temp/logstore/server.state
2017-07-15 21:30:39|10128|ParaFile.OpenAssetFile using local file:temp/logstore/server.state
2017-07-15 21:30:39|10128|ParaFile.OpenAssetFile using local file:temp/logstore/server.state
2017-07-15 21:30:39|10128|ParaFile.OpenAssetFile using local file:temp/logstore/server.state
2017-07-15 21:30:39|10128|ParaFile.OpenAssetFile using local file:temp/logstore/server.state
2017-07-15 21:30:39|10128|ParaFile.OpenAssetFile using local file:temp/logstore/server.state
2017-07-15 21:30:39|10128|ParaFile.OpenAssetFile using local file:temp/logstore/server.state
2017-07-15 21:30:39|10128|ParaFile.OpenAssetFile using local file:temp/logstore/server.state
2017-07-15 21:30:39|10128|ParaFile.OpenAssetFile using local file:temp/logstore/server.state
2017-07-15 21:30:39|10128|ParaFile.OpenAssetFile using local file:temp/logstore/server.state
2017-07-15 21:30:39|10128|ParaFile.OpenAssetFile using local file:temp/logstore/server.state
2017-07-15 21:30:39|10128|ParaFile.OpenAssetFile using local file:temp/logstore/server.state
2017-07-15 21:30:39|10128|ParaFile.OpenAssetFile using local file:temp/logstore/server.state
2017-07-15 21:30:39|10128|ParaFile.OpenAssetFile using local file:temp/logstore/server.state
2017-07-15 21:30:39|10128|ParaFile.OpenAssetFile using local file:temp/logstore/server.state
2017-07-15 21:30:39|10128|ParaFile.OpenAssetFile using local file:temp/logstore/server.state
2017-07-15 21:30:39|10128|ParaFile.OpenAssetFile using local file:temp/logstore/server.state
2017-07-15 21:30:39|10128|ParaFile.OpenAssetFile using local file:temp/logstore/server.state
2017-07-15 21:30:39|10128|ParaFile.OpenAssetFile using local file:temp/logstore/server.state
2017-07-15 21:30:39|10128|ParaFile.OpenAssetFile using local file:temp/logstore/server.state
2017-07-15 21:30:39|10128|ParaFile.OpenAssetFile using local file:temp/logstore/server.state
2017-07-15 21:30:39|10128|ParaFile.OpenAssetFile using local file:temp/logstore/server.state
2017-07-15 21:30:39|10128|ParaFile.OpenAssetFile using local file:temp/logstore/server.state
2017-07-15 21:30:39|10128|ParaFile.OpenAssetFile using local file:temp/logstore/server.state
2017-07-15 21:30:39|10128|ParaFile.OpenAssetFile using local file:temp/logstore/server.state
2017-07-15 21:30:39|10128|ParaFile.OpenAssetFile using local file:temp/logstore/server.state
2017-07-15 21:30:39|10128|ParaFile.OpenAssetFile using local file:temp/logstore/server.state
2017-07-15 21:30:39|10128|ParaFile.OpenAssetFile using local file:temp/logstore/server.state
2017-07-15 21:30:39|10128|ParaFile.OpenAssetFile using local file:temp/logstore/server.state
2017-07-15 21:30:39|10128|ParaFile.OpenAssetFile using local file:temp/logstore/server.state
2017-07-15 21:30:39|10128|ParaFile.OpenAssetFile using local file:temp/logstore/server.state
2017-07-15 21:30:39|10128|ParaFile.OpenAssetFile using local file:temp/logstore/server.state
2017-07-15 21:30:39|10128|ParaFile.OpenAssetFile using local file:temp/logstore/server.state
2017-07-15 21:30:39|10128|ParaFile.OpenAssetFile using local file:temp/logstore/server.state
2017-07-15 21:30:39|10128|ParaFile.OpenAssetFile using local file:temp/logstore/server.state
2017-07-15 21:30:39|10128|ParaFile.OpenAssetFile using local file:temp/logstore/server.state
2017-07-15 21:30:39|10128|ParaFile.OpenAssetFile using local file:temp/logstore/server.state
2017-07-15 21:30:39|10128|ParaFile.OpenAssetFile using local file:temp/logstore/server.state
2017-07-15 21:30:39|10128|ParaFile.OpenAssetFile using local file:temp/logstore/server.state
2017-07-15 21:30:39|10128|ParaFile.OpenAssetFile using local file:temp/logstore/server.state
2017-07-15 21:30:39|10128|ParaFile.OpenAssetFile using local file:temp/logstore/server.state
2017-07-15 21:30:39|10128|ParaFile.OpenAssetFile using local file:temp/logstore/server.state
2017-07-15 21:30:39|10128|ParaFile.OpenAssetFile using local file:temp/logstore/server.state
2017-07-15 21:30:39|10128|ParaFile.OpenAssetFile using local file:temp/logstore/server.state
2017-07-15 21:30:39|10128|ParaFile.OpenAssetFile using local file:temp/logstore/server.state
2017-07-15 21:30:39|10128|ParaFile.OpenAssetFile using local file:temp/logstore/server.state
2017-07-15 21:30:39|10128|ParaFile.OpenAssetFile using local file:temp/logstore/server.state
2017-07-15 21:30:39|10128|ParaFile.OpenAssetFile using local file:temp/logstore/server.state
2017-07-15 21:30:39|10128|ParaFile.OpenAssetFile using local file:temp/logstore/server.state
2017-07-15 21:30:39|10128|ParaFile.OpenAssetFile using local file:temp/logstore/server.state
2017-07-15 21:30:39|10128|ParaFile.OpenAssetFile using local file:temp/logstore/server.state
2017-07-15 21:30:39|10128|ParaFile.OpenAssetFile using local file:temp/logstore/server.state
2017-07-15 21:30:39|10128|ParaFile.OpenAssetFile using local file:temp/logstore/server.state
2017-07-15 21:30:39|10128|ParaFile.OpenAssetFile using local file:temp/logstore/server.state
2017-07-15 21:30:39|10128|ParaFile.OpenAssetFile using local file:temp/logstore/server.state
2017-07-15 21:30:39|10128|ParaFile.OpenAssetFile using local file:temp/logstore/server.state
2017-07-15 21:30:39|10128|ParaFile.OpenAssetFile using local file:temp/logstore/server.state
2017-07-15 21:30:39|10128|ParaFile.OpenAssetFile using local file:temp/logstore/server.state
2017-07-15 21:30:39|10128|ParaFile.OpenAssetFile using local file:temp/logstore/server.state
2017-07-15 21:30:39|10128|ParaFile.OpenAssetFile using local file:temp/logstore/server.state
2017-07-15 21:30:39|10128|ParaFile.OpenAssetFile using local file:temp/logstore/server.state
2017-07-15 21:30:39|10128|ParaFile.OpenAssetFile using local file:temp/logstore/server.state
2017-07-15 21:30:39|10128|ParaFile.OpenAssetFile using local file:temp/logstore/server.state
2017-07-15 21:30:39|10128|ParaFile.OpenAssetFile using local file:temp/logstore/server.state
2017-07-15 21:30:39|10128|ParaFile.OpenAssetFile using local file:temp/logstore/server.state
2017-07-15 21:30:39|10128|ParaFile.OpenAssetFile using local file:temp/logstore/server.state
2017-07-15 21:30:39|10128|ParaFile.OpenAssetFile using local file:temp/logstore/server.state
2017-07-15 21:30:39|10128|ParaFile.OpenAssetFile using local file:temp/logstore/server.state
2017-07-15 21:30:39|10128|ParaFile.OpenAssetFile using local file:temp/logstore/server.state
2017-07-15 21:30:39|10128|ParaFile.OpenAssetFile using local file:temp/logstore/server.state
2017-07-15 21:30:39|10128|ParaFile.OpenAssetFile using local file:temp/logstore/server.state
2017-07-15 21:30:39|10128|ParaFile.OpenAssetFile using local file:temp/logstore/server.state
2017-07-15 21:30:39|10128|ParaFile.OpenAssetFile using local file:temp/logstore/server.state
2017-07-15 21:30:39|10128|ParaFile.OpenAssetFile using local file:temp/logstore/server.state
2017-07-15 21:30:39|10128|ParaFile.OpenAssetFile using local file:temp/logstore/server.state
2017-07-15 21:30:39|10128|ParaFile.OpenAssetFile using local file:temp/logstore/server.state
2017-07-15 21:30:39|10128|ParaFile.OpenAssetFile using local file:temp/logstore/server.state
2017-07-15 21:30:39|10128|ParaFile.OpenAssetFile using local file:temp/logstore/server.state
2017-07-15 21:30:39|10128|ParaFile.OpenAssetFile using local file:temp/logstore/server.state
2017-07-15 21:30:39|10128|ParaFile.OpenAssetFile using local file:temp/logstore/cluster.json
2017-07-15 21:30:39|10128|ParaFile.OpenAssetFile using local file:temp/logstore/cluster.json
