2017-07-17 11:41:24|10148|CAsyncLoader IO Thread started2017-07-17 11:41:24|18352|Async Processing Thread Local(0) Started
2017-07-17 11:41:24|13856|Async Processing Thread Asset(1) Started
2017-07-17 11:41:24|12328|Async Processing Thread Asset(1) Started
2017-07-17 11:41:24|15176|Async Processing Thread Web(2) Started
2017-07-17 11:41:24|20032|Async Processing Thread BigFile(3) Started
2017-07-17 11:41:24|15952|Async Processing Thread AudioFile(4) Started
2017-07-17 11:41:24|18416|ParaFile.OpenAssetFile using local file:config.properties
2017-07-17 11:41:24|18416|ParaFile.OpenAssetFile using local file:cluster.json
2017-07-17 11:41:24|18416|ParaFile.OpenAssetFile using local file:server.state
2017-07-17 11:41:24|18416|ParaFile.OpenAssetFile using local file:cluster.json
2017-07-17 11:41:39|12624|ParaFile.OpenAssetFile using local file:temp/test_raft_database//tabledb.config.xml
2017-07-17 11:41:39|12624|ParaFile.OpenAssetFile using local file:temp/test_raft_database/User.db
2017-07-17 11:41:39|12624|DBEntity.PrepareDatabaseFile using local file:temp/test_raft_database/User.db
2017-07-17 11:41:40|12624|ParaFile.OpenAssetFile using local file:temp/test_raft_database/insertNoIndex.db
2017-07-17 11:41:40|12624|DBEntity.PrepareDatabaseFile using local file:temp/test_raft_database/insertNoIndex.db
2017-07-17 11:41:49|12624|ParaFile.OpenAssetFile using local file:temp/test_raft_database/PerfTest.db
2017-07-17 11:41:49|12624|DBEntity.PrepareDatabaseFile using local file:temp/test_raft_database/PerfTest.db
2017-07-17 11:41:49|12624|ParaFile.OpenAssetFile using local file:temp/test_raft_database/TestBulkOps.db
2017-07-17 11:41:49|12624|DBEntity.PrepareDatabaseFile using local file:temp/test_raft_database/TestBulkOps.db
2017-07-17 11:42:20|12624|ParaFile.OpenAssetFile using local file:temp/test_raft_database/blockingAPI.db
