2017-07-17 11:44:52|14932|Async Processing Thread Asset(1) Started
2017-07-17 11:44:52|12336|Async Processing Thread Local(0) Started
2017-07-17 11:44:52|17936|Async Processing Thread Asset(1) Started
2017-07-17 11:44:52|18396|Async Processing Thread Web(2) Started
2017-07-17 11:44:52|11444|CAsyncLoader IO Thread started2017-07-17 11:44:52|18644|Async Processing Thread BigFile(3) Started
2017-07-17 11:44:52|21004|Async Processing Thread AudioFile(4) Started
2017-07-17 11:44:53|8500|ParaFile.OpenAssetFile using local file:config.properties
2017-07-17 11:44:53|8500|ParaFile.OpenAssetFile using local file:cluster.json
2017-07-17 11:44:53|8500|ParaFile.OpenAssetFile using local file:server.state
2017-07-17 11:44:53|8500|ParaFile.OpenAssetFile using local file:cluster.json
2017-07-17 11:45:02|6832|ParaFile.OpenAssetFile using local file:temp/test_raft_database//tabledb.config.xml
2017-07-17 11:45:02|6832|ParaFile.OpenAssetFile using local file:temp/test_raft_database/User.db
2017-07-17 11:45:02|6832|DBEntity.PrepareDatabaseFile using local file:temp/test_raft_database/User.db
2017-07-17 11:45:02|6832|ParaFile.OpenAssetFile using local file:temp/test_raft_database/insertNoIndex.db
2017-07-17 11:45:02|6832|DBEntity.PrepareDatabaseFile using local file:temp/test_raft_database/insertNoIndex.db
2017-07-17 11:45:02|6832|ParaFile.OpenAssetFile using local file:temp/test_raft_database/PerfTest.db
2017-07-17 11:45:02|6832|DBEntity.PrepareDatabaseFile using local file:temp/test_raft_database/PerfTest.db
2017-07-17 11:45:02|6832|ParaFile.OpenAssetFile using local file:temp/test_raft_database/TestBulkOps.db
2017-07-17 11:45:02|6832|DBEntity.PrepareDatabaseFile using local file:temp/test_raft_database/TestBulkOps.db
2017-07-17 11:45:07|6832|ParaFile.OpenAssetFile using local file:temp/test_raft_database/blockingAPI.db
